Loading db file '/usr/eda/synopsys/lib/smic13_lib/typical_1v2c25.db'
Information: Propagating switching activity (high effort zero delay simulation). (PWR-6)
Warning: Design has unannotated primary inputs. (PWR-414)
Warning: Design has unannotated sequential cell outputs. (PWR-415)
 
****************************************
Report : power
        -analysis_effort high
        -verbose
Design : maf
Version: B-2008.09
Date   : Fri Mar 13 11:16:18 2015
****************************************


Library(s) Used:

    typical_1v2c25 (File: /usr/eda/synopsys/lib/smic13_lib/typical_1v2c25.db)


Operating Conditions: typical_1v2c25   Library: typical_1v2c25
Wire Load Model Mode: top

Design        Wire Load Model            Library
------------------------------------------------
maf                    smic13_wl10       typical_1v2c25


Global Operating Voltage = 1.2  
Power-specific unit information :
    Voltage Units = 1V
    Capacitance Units = 1.000000pf
    Time Units = 1ns
    Dynamic Power Units = 1mW    (derived from V,C,T units)
    Leakage Power Units = 1pW


  Cell Internal Power Breakdown
  -----------------------------
  Combinational        =   9.8121 mW   (33%)
  Sequential           =   8.3782 mW   (28%)
  Other                =   0.0000 mW    (0%)

  Combinational Count  =     6598
  Sequential Count     =      473
  Other Count          =        0

  Cell Internal Power  =  18.1903 mW   (61%)
  Net Switching Power  =  11.7369 mW   (39%)
                         ---------
Total Dynamic Power    =  29.9272 mW  (100%)

Cell Leakage Power     =   8.1662 uW

1
